{"C:\\UBB_Me\\An2\\Semestru2\\MPP\\tdpTrans\\tdpTrans-app-frontend\\src\\utils.js": {"path":"C:\\UBB_Me\\An2\\Semestru2\\MPP\\tdpTrans\\tdpTrans-app-frontend\\src\\utils.js","statementMap":{"0":{"start":{"line":4,"column":29},"end":{"line":26,"column":2}},"1":{"start":{"line":11,"column":34},"end":{"line":11,"column":null}},"2":{"start":{"line":12,"column":16},"end":{"line":12,"column":48}},"3":{"start":{"line":13,"column":4},"end":{"line":13,"column":null}},"4":{"start":{"line":17,"column":19},"end":{"line":17,"column":58}},"5":{"start":{"line":29,"column":13},"end":{"line":40,"column":null}},"6":{"start":{"line":30,"column":26},"end":{"line":30,"column":null}},"7":{"start":{"line":31,"column":27},"end":{"line":31,"column":null}},"8":{"start":{"line":33,"column":23},"end":{"line":33,"column":69}},"9":{"start":{"line":35,"column":21},"end":{"line":35,"column":59}},"10":{"start":{"line":37,"column":2},"end":{"line":40,"column":null}},"11":{"start":{"line":44,"column":26},"end":{"line":47,"column":2}},"12":{"start":{"line":50,"column":28},"end":{"line":57,"column":2}},"13":{"start":{"line":54,"column":20},"end":{"line":54,"column":60}}},"fnMap":{"0":{"name":"(anonymous_0)","decl":{"start":{"line":11,"column":19},"end":{"line":11,"column":26}},"loc":{"start":{"line":11,"column":33},"end":{"line":14,"column":46}},"line":11},"1":{"name":"(anonymous_1)","decl":{"start":{"line":17,"column":5},"end":{"line":17,"column":12}},"loc":{"start":{"line":17,"column":19},"end":{"line":17,"column":58}},"line":17},"2":{"name":"(anonymous_2)","decl":{"start":{"line":29,"column":13},"end":{"line":29,"column":34}},"loc":{"start":{"line":29,"column":71},"end":{"line":40,"column":null}},"line":29},"3":{"name":"(anonymous_3)","decl":{"start":{"line":54,"column":3},"end":{"line":54,"column":11}},"loc":{"start":{"line":54,"column":20},"end":{"line":54,"column":60}},"line":54}},"branchMap":{"0":{"loc":{"start":{"line":13,"column":11},"end":{"line":13,"column":null}},"type":"binary-expr","locations":[{"start":{"line":13,"column":11},"end":{"line":13,"column":22}},{"start":{"line":13,"column":26},"end":{"line":13,"column":null}}],"line":13}},"s":{"0":2,"1":14,"2":14,"3":14,"4":14,"5":2,"6":2,"7":2,"8":2,"9":2,"10":2,"11":2,"12":2,"13":2},"f":{"0":14,"1":14,"2":2,"3":2},"b":{"0":[14,13]},"meta":{"lastBranch":1,"lastFunction":4,"lastStatement":14,"seen":{"s:4:29:26:2":0,"f:11:19:11:26":0,"s:11:34:11:Infinity":1,"s:12:16:12:48":2,"s:13:4:13:Infinity":3,"b:13:11:13:22:13:26:13:Infinity":0,"f:17:5:17:12":1,"s:17:19:17:58":4,"s:29:13:40:Infinity":5,"f:29:13:29:34":2,"s:30:26:30:Infinity":6,"s:31:27:31:Infinity":7,"s:33:23:33:69":8,"s:35:21:35:59":9,"s:37:2:40:Infinity":10,"s:44:26:47:2":11,"s:50:28:57:2":12,"f:54:3:54:11":3,"s:54:20:54:60":13}}}
,"C:\\UBB_Me\\An2\\Semestru2\\MPP\\tdpTrans\\tdpTrans-app-frontend\\src\\store\\missionsStore.js": {"path":"C:\\UBB_Me\\An2\\Semestru2\\MPP\\tdpTrans\\tdpTrans-app-frontend\\src\\store\\missionsStore.js","statementMap":{"0":{"start":{"line":6,"column":4},"end":{"line":14,"column":null}},"1":{"start":{"line":18,"column":4},"end":{"line":18,"column":null}},"2":{"start":{"line":22,"column":4},"end":{"line":22,"column":null}},"3":{"start":{"line":23,"column":19},"end":{"line":23,"column":52}},"4":{"start":{"line":25,"column":4},"end":{"line":28,"column":null}},"5":{"start":{"line":26,"column":6},"end":{"line":26,"column":null}},"6":{"start":{"line":27,"column":27},"end":{"line":27,"column":null}},"7":{"start":{"line":28,"column":6},"end":{"line":28,"column":null}},"8":{"start":{"line":31,"column":4},"end":{"line":38,"column":null}},"9":{"start":{"line":32,"column":20},"end":{"line":32,"column":null}},"10":{"start":{"line":32,"column":82},"end":{"line":32,"column":87}},"11":{"start":{"line":33,"column":25},"end":{"line":33,"column":null}},"12":{"start":{"line":34,"column":6},"end":{"line":34,"column":null}},"13":{"start":{"line":35,"column":6},"end":{"line":35,"column":null}},"14":{"start":{"line":37,"column":6},"end":{"line":37,"column":null}},"15":{"start":{"line":37,"column":45},"end":{"line":37,"column":101}},"16":{"start":{"line":38,"column":6},"end":{"line":38,"column":null}},"17":{"start":{"line":43,"column":4},"end":{"line":43,"column":null}},"18":{"start":{"line":43,"column":46},"end":{"line":43,"column":58}},"19":{"start":{"line":44,"column":4},"end":{"line":44,"column":null}},"20":{"start":{"line":48,"column":29},"end":{"line":48,"column":48}}},"fnMap":{"0":{"name":"(anonymous_0)","decl":{"start":{"line":5,"column":2},"end":{"line":5,"column":16}},"loc":{"start":{"line":5,"column":16},"end":{"line":14,"column":null}},"line":5},"1":{"name":"(anonymous_1)","decl":{"start":{"line":17,"column":2},"end":{"line":17,"column":11}},"loc":{"start":{"line":17,"column":11},"end":{"line":18,"column":null}},"line":17},"2":{"name":"(anonymous_2)","decl":{"start":{"line":21,"column":2},"end":{"line":21,"column":14}},"loc":{"start":{"line":21,"column":34},"end":{"line":38,"column":null}},"line":21},"3":{"name":"(anonymous_3)","decl":{"start":{"line":32,"column":73},"end":{"line":32,"column":77}},"loc":{"start":{"line":32,"column":82},"end":{"line":32,"column":87}},"line":32},"4":{"name":"(anonymous_4)","decl":{"start":{"line":37,"column":36},"end":{"line":37,"column":40}},"loc":{"start":{"line":37,"column":45},"end":{"line":37,"column":101}},"line":37},"5":{"name":"(anonymous_5)","decl":{"start":{"line":42,"column":2},"end":{"line":42,"column":16}},"loc":{"start":{"line":42,"column":20},"end":{"line":44,"column":null}},"line":42},"6":{"name":"(anonymous_6)","decl":{"start":{"line":43,"column":34},"end":{"line":43,"column":41}},"loc":{"start":{"line":43,"column":46},"end":{"line":43,"column":58}},"line":43}},"branchMap":{"0":{"loc":{"start":{"line":25,"column":4},"end":{"line":28,"column":null}},"type":"if","locations":[{"start":{"line":25,"column":4},"end":{"line":28,"column":null}},{"start":{},"end":{}}],"line":25},"1":{"loc":{"start":{"line":31,"column":4},"end":{"line":38,"column":null}},"type":"if","locations":[{"start":{"line":31,"column":4},"end":{"line":38,"column":null}},{"start":{"line":36,"column":11},"end":{"line":38,"column":null}}],"line":31},"2":{"loc":{"start":{"line":32,"column":20},"end":{"line":32,"column":null}},"type":"cond-expr","locations":[{"start":{"line":32,"column":47},"end":{"line":32,"column":95}},{"start":{"line":32,"column":95},"end":{"line":32,"column":null}}],"line":32},"3":{"loc":{"start":{"line":37,"column":45},"end":{"line":37,"column":101}},"type":"cond-expr","locations":[{"start":{"line":37,"column":68},"end":{"line":37,"column":99}},{"start":{"line":37,"column":99},"end":{"line":37,"column":101}}],"line":37}},"s":{"0":1,"1":15,"2":5,"3":5,"4":5,"5":1,"6":1,"7":1,"8":4,"9":2,"10":1,"11":2,"12":2,"13":2,"14":2,"15":2,"16":2,"17":2,"18":2,"19":2,"20":1},"f":{"0":1,"1":15,"2":5,"3":1,"4":2,"5":2,"6":2},"b":{"0":[1,4],"1":[2,2],"2":[1,1],"3":[1,1]},"meta":{"lastBranch":4,"lastFunction":7,"lastStatement":21,"seen":{"f:5:2:5:16":0,"s:6:4:14:Infinity":0,"f:17:2:17:11":1,"s:18:4:18:Infinity":1,"f:21:2:21:14":2,"s:22:4:22:Infinity":2,"s:23:19:23:52":3,"b:25:4:28:Infinity:undefined:undefined:undefined:undefined":0,"s:25:4:28:Infinity":4,"s:26:6:26:Infinity":5,"s:27:27:27:Infinity":6,"s:28:6:28:Infinity":7,"b:31:4:38:Infinity:36:11:38:Infinity":1,"s:31:4:38:Infinity":8,"s:32:20:32:Infinity":9,"b:32:47:32:95:32:95:32:Infinity":2,"f:32:73:32:77":3,"s:32:82:32:87":10,"s:33:25:33:Infinity":11,"s:34:6:34:Infinity":12,"s:35:6:35:Infinity":13,"s:37:6:37:Infinity":14,"f:37:36:37:40":4,"s:37:45:37:101":15,"b:37:68:37:99:37:99:37:101":3,"s:38:6:38:Infinity":16,"f:42:2:42:16":5,"s:43:4:43:Infinity":17,"f:43:34:43:41":6,"s:43:46:43:58":18,"s:44:4:44:Infinity":19,"s:48:29:48:48":20}}}
}
